2025-09-12 10:34:43,958 [INFO] Activator:176 - 


2025-09-12 10:34:43,958 [INFO] Activator:177 - !SESSION log4j initialized
2025-09-12 10:34:47,633 [INFO] LogOutputStream:77 - [STDOUT_REDIRECT] 
2025-09-12 10:34:50,396 [INFO] ApplicationProperties:184 - Using Application install path: C:\ST\STM32CubeIDE_1.19.0\STM32CubeIDE\plugins\com.st.stm32cube.common.mx_6.15.0.202507011659
2025-09-12 10:34:50,424 [INFO] DbMcusXml:78 - Set database path to: C:\ST\STM32CubeIDE_1.19.0\STM32CubeIDE\plugins\com.st.stm32cube.common.mx_6.15.0.202507011659\\db\/mcu/
2025-09-12 10:34:50,425 [INFO] ApiDb:274 - Set plugin database path to: C:\ST\STM32CubeIDE_1.19.0\STM32CubeIDE\plugins\com.st.stm32cube.common.mx_6.15.0.202507011659\\db\/plugins/boardmanager/
2025-09-12 10:34:50,434 [WARN] ApiDb:259 - Overriding images path with different value:  => C:\ST\STM32CubeIDE_1.19.0\STM32CubeIDE\plugins\com.st.stm32cube.common.mx_6.15.0.202507011659\\db\/plugins/mcufinder/images/
2025-09-12 10:34:50,443 [INFO] ApiDb:250 - Set database path to: C:\Users\rachm\.stmcufinder\plugins\mcufinder//mcu/
2025-09-12 10:34:50,445 [INFO] DbMcusAds:125 - Set database path to: C:\Users\rachm\.stmcufinder\plugins\mcufinder//mcu/
2025-09-12 10:34:50,448 [INFO] CrossReferenceDbSqlite:203 - Set database path to: C:\Users\rachm\.stmcufinder\plugins\mcufinder//mcu/cs/
2025-09-12 10:34:50,724 [INFO] RulesReader:64 - Compatibility file has been processed (317 Rules)
2025-09-12 10:34:50,864 [INFO] DbMcusXml:78 - Set database path to: C:\ST\STM32CubeIDE_1.19.0\STM32CubeIDE\plugins\com.st.stm32cube.common.mx_6.15.0.202507011659\\db\/mcu/
2025-09-12 10:34:50,864 [INFO] ApiDb:274 - Set plugin database path to: C:\ST\STM32CubeIDE_1.19.0\STM32CubeIDE\plugins\com.st.stm32cube.common.mx_6.15.0.202507011659\\db\/plugins/boardmanager/
2025-09-12 10:34:50,865 [INFO] ApiDb:261 - Set plugin images path to: C:\ST\STM32CubeIDE_1.19.0\STM32CubeIDE\plugins\com.st.stm32cube.common.mx_6.15.0.202507011659\\db\/plugins/mcufinder/images/
2025-09-12 10:34:50,865 [WARN] DbFile:41 - Overriding database path with different value: C:\Users\rachm\.stmcufinder\plugins\mcufinder/ => C:\Users\rachm\.stmcufinder\plugins\mcufinder
2025-09-12 10:34:50,865 [INFO] ApiDb:250 - Set database path to: C:\Users\rachm\.stmcufinder\plugins\mcufinder//mcu/
2025-09-12 10:34:50,865 [WARN] DbFile:41 - Overriding database path with different value: C:\Users\rachm\.stmcufinder\plugins\mcufinder/ => C:\Users\rachm\.stmcufinder\plugins\mcufinder
2025-09-12 10:34:50,865 [INFO] DbMcusAds:125 - Set database path to: C:\Users\rachm\.stmcufinder\plugins\mcufinder//mcu/
2025-09-12 10:34:50,865 [WARN] DbFile:41 - Overriding database path with different value: C:\Users\rachm\.stmcufinder\plugins\mcufinder/ => C:\Users\rachm\.stmcufinder\plugins\mcufinder
2025-09-12 10:34:50,866 [WARN] DbFile:41 - Overriding database path with different value: C:\Users\rachm\.stmcufinder\plugins\mcufinder/ => C:\Users\rachm\.stmcufinder\plugins\mcufinder
2025-09-12 10:34:50,866 [INFO] CrossReferenceDbSqlite:203 - Set database path to: C:\Users\rachm\.stmcufinder\plugins\mcufinder//mcu/cs/
2025-09-12 10:34:50,996 [INFO] MainPanel:274 - HeapMemory: 268435456
2025-09-12 10:34:51,128 [INFO] DbMcusXml:78 - Set database path to: C:\ST\STM32CubeIDE_1.19.0\STM32CubeIDE\plugins\com.st.stm32cube.common.mx_6.15.0.202507011659\\db\/mcu/
2025-09-12 10:34:51,128 [INFO] ApiDb:274 - Set plugin database path to: C:\ST\STM32CubeIDE_1.19.0\STM32CubeIDE\plugins\com.st.stm32cube.common.mx_6.15.0.202507011659\\db\/plugins/boardmanager/
2025-09-12 10:34:51,128 [INFO] ApiDb:261 - Set plugin images path to: C:\ST\STM32CubeIDE_1.19.0\STM32CubeIDE\plugins\com.st.stm32cube.common.mx_6.15.0.202507011659\\db\/plugins/mcufinder/images/
2025-09-12 10:34:51,128 [WARN] DbFile:41 - Overriding database path with different value: C:\Users\rachm\.stmcufinder\plugins\mcufinder/ => C:\Users\rachm\.stmcufinder\plugins\mcufinder
2025-09-12 10:34:51,128 [INFO] ApiDb:250 - Set database path to: C:\Users\rachm\.stmcufinder\plugins\mcufinder//mcu/
2025-09-12 10:34:51,128 [WARN] DbFile:41 - Overriding database path with different value: C:\Users\rachm\.stmcufinder\plugins\mcufinder/ => C:\Users\rachm\.stmcufinder\plugins\mcufinder
2025-09-12 10:34:51,128 [INFO] DbMcusAds:125 - Set database path to: C:\Users\rachm\.stmcufinder\plugins\mcufinder//mcu/
2025-09-12 10:34:51,128 [WARN] DbFile:41 - Overriding database path with different value: C:\Users\rachm\.stmcufinder\plugins\mcufinder/ => C:\Users\rachm\.stmcufinder\plugins\mcufinder
2025-09-12 10:34:51,128 [WARN] DbFile:41 - Overriding database path with different value: C:\Users\rachm\.stmcufinder\plugins\mcufinder/ => C:\Users\rachm\.stmcufinder\plugins\mcufinder
2025-09-12 10:34:51,128 [INFO] CrossReferenceDbSqlite:203 - Set database path to: C:\Users\rachm\.stmcufinder\plugins\mcufinder//mcu/cs/
2025-09-12 10:34:51,159 [INFO] ApplicationProperties:184 - Using Application install path: C:\ST\STM32CubeIDE_1.19.0\STM32CubeIDE\plugins\com.st.stm32cube.common.mx_6.15.0.202507011659
2025-09-12 10:34:51,159 [INFO] PluginManage:196 - Search for loadable plugins [exclusion list=, ]
2025-09-12 10:34:51,175 [INFO] PluginManage:310 - Check plugin analytics
2025-09-12 10:34:51,558 [INFO] AnalyticsPlugin:253 - Accepted Software Licenses: 
2025-09-12 10:34:51,559 [INFO] AnalyticsPlugin:255 - Accepted CMSIS Pack Licenses: 
2025-09-12 10:34:51,559 [INFO] AnalyticsPlugin:257 - Accepted Firmware Licenses: FW.F4.1.28.0
2025-09-12 10:34:51,565 [INFO] PluginManage:359 - Loaded plugin analytics (category:tool,tabindex:-1)
2025-09-12 10:34:51,565 [INFO] PluginManage:310 - Check plugin cadmodel
2025-09-12 10:34:51,570 [INFO] CADModel:105 - Init CAD model plugin
2025-09-12 10:34:51,570 [INFO] PluginManage:359 - Loaded plugin cadmodel (category:power,tabindex:5)
2025-09-12 10:34:51,570 [INFO] PluginManage:310 - Check plugin clock
2025-09-12 10:34:51,616 [INFO] PluginManage:359 - Loaded plugin clock (category:base,tabindex:2)
2025-09-12 10:34:51,618 [INFO] PluginManage:310 - Check plugin ddr
2025-09-12 10:34:51,624 [INFO] PluginManage:359 - Loaded plugin ddr (category:tool,tabindex:6)
2025-09-12 10:34:51,626 [INFO] PluginManage:310 - Check plugin filemanager
2025-09-12 10:34:52,024 [INFO] PluginManage:359 - Loaded plugin filemanager (category:base,tabindex:10)
2025-09-12 10:34:52,024 [INFO] PluginManage:310 - Check plugin ipmanager
2025-09-12 10:34:52,051 [INFO] PluginManage:359 - Loaded plugin ipmanager (category:base,tabindex:5)
2025-09-12 10:34:52,051 [INFO] PluginManage:310 - Check plugin lpbam
2025-09-12 10:34:52,065 [INFO] PluginManage:359 - Loaded plugin lpbam (category:base,tabindex:0)
2025-09-12 10:34:52,065 [INFO] PluginManage:310 - Check plugin memorymap
2025-09-12 10:34:52,089 [INFO] PluginManage:359 - Loaded plugin memorymap (category:base,tabindex:4)
2025-09-12 10:34:52,089 [INFO] PluginManage:310 - Check plugin pinoutandconfiguration
2025-09-12 10:34:52,107 [INFO] PluginManage:359 - Loaded plugin pinoutandconfiguration (category:base,tabindex:1)
2025-09-12 10:34:52,107 [INFO] PluginManage:310 - Check plugin pinoutconfig
2025-09-12 10:34:52,336 [WARN] SupportedApi:132 - Cannot load RTOS API schema: s4s-elt-must-match.1: The content of 'definitions' must match (annotation?, (simpleType | complexType)?, (unique | key | keyref)*)). A problem was found starting at: attribute.
2025-09-12 10:34:52,695 [INFO] PluginManage:359 - Loaded plugin pinoutconfig (category:base,tabindex:0)
2025-09-12 10:34:52,695 [INFO] PluginManage:310 - Check plugin power
2025-09-12 10:34:52,715 [INFO] PluginManage:359 - Loaded plugin power (category:power,tabindex:4)
2025-09-12 10:34:52,716 [INFO] PluginManage:310 - Check plugin projectmanager
2025-09-12 10:34:52,746 [INFO] PluginManage:359 - Loaded plugin projectmanager (category:projectmanager,tabindex:4)
2025-09-12 10:34:52,746 [INFO] PluginManage:310 - Check plugin rif
2025-09-12 10:34:52,772 [INFO] PluginManage:359 - Loaded plugin rif (category:base,tabindex:3)
2025-09-12 10:34:52,772 [INFO] PluginManage:310 - Check plugin thirdparty
2025-09-12 10:34:53,022 [INFO] PluginManage:359 - Loaded plugin thirdparty (category:base,tabindex:-1)
2025-09-12 10:34:53,022 [WARN] IntegrityCheckThread:84 - waiting for thirdparty lock release [integrity check]
2025-09-12 10:34:53,024 [INFO] IntegrityCheckThread:86 - entering critical section [integrity check]
2025-09-12 10:34:53,024 [INFO] PluginManage:310 - Check plugin tools
2025-09-12 10:34:53,024 [INFO] ThirdPartyUpdaterWithRetryManager:70 - Updater plugin not ready yet. [1/15]
2025-09-12 10:34:53,030 [INFO] PluginManage:359 - Loaded plugin tools (category:base,tabindex:7)
2025-09-12 10:34:53,030 [INFO] PluginManage:310 - Check plugin tutovideos
2025-09-12 10:34:53,629 [INFO] PluginManage:359 - Loaded plugin tutovideos (category:base,tabindex:-1)
2025-09-12 10:34:53,629 [INFO] PluginManage:310 - Check plugin updater
2025-09-12 10:34:53,695 [INFO] PluginManage:359 - Loaded plugin updater (category:base,tabindex:12)
2025-09-12 10:34:53,697 [INFO] PluginManage:310 - Check plugin userauth
2025-09-12 10:34:53,709 [INFO] UserAuth:118 - Init User Auth plugin
2025-09-12 10:34:53,714 [INFO] PluginManage:359 - Loaded plugin userauth (category:base,tabindex:14)
2025-09-12 10:34:53,714 [INFO] PluginManage:283 - PluginManage : Loaded plugins [18]
